<?xml version="1.0" encoding="utf-8"?><testsuites><testsuite name="pytest" errors="0" failures="0" skipped="0" tests="5" time="0.054" timestamp="2023-11-15T20:34:12.682416" hostname="vagrant"><testcase classname="test_class.TestClass" name="test_one" time="0.001" /><testcase classname="test_class.TestClass" name="test_two" time="0.001" /><testcase classname="test_sample" name="test_answer" time="0.001" /><testcase classname="test_sum" name="test_answer" time="0.001" /><testcase classname="test_sysexit" name="test_mytest" time="0.001" /></testsuite></testsuites>